0 info it worked if it ends with ok
1 verbose cli [ 'C:\\dev\\nodist/v/0.12.0/node.exe',
1 verbose cli   'C:\\dev\\nodist\\bin\\node_modules\\npm\\bin\\npm-cli.js',
1 verbose cli   'run-script',
1 verbose cli   'livetest' ]
2 info using npm@1.4.6
3 info using node@v0.12.0
4 verbose node symlink C:\dev\nodist/v/0.12.0/node.exe
5 verbose run-script [ 'prelivetest', 'livetest', 'postlivetest' ]
6 info prelivetest tfpugg@0.0.0
7 info livetest tfpugg@0.0.0
8 verbose unsafe-perm in lifecycle true
9 info tfpugg@0.0.0 Failed to exec livetest script
10 error tfpugg@0.0.0 livetest: `set NODE_ENV=test && mocha -w app.js tests/**/*.js`
10 error Exit status 1
11 error Failed at the tfpugg@0.0.0 livetest script.
11 error This is most likely a problem with the tfpugg package,
11 error not with npm itself.
11 error Tell the author that this fails on your system:
11 error     set NODE_ENV=test && mocha -w app.js tests/**/*.js
11 error You can get their info via:
11 error     npm owner ls tfpugg
11 error There is likely additional logging output above.
12 error System Windows_NT 6.1.7601
13 error command "C:\\dev\\nodist/v/0.12.0/node.exe" "C:\\dev\\nodist\\bin\\node_modules\\npm\\bin\\npm-cli.js" "run-script" "livetest"
14 error cwd C:\dev\projects\tfpugg
15 error node -v v0.12.0
16 error npm -v 1.4.6
17 error code ELIFECYCLE
18 verbose exit [ 1, true ]
